    onerror(os.rmdir, path, sys.exc_info())
  File "/usr/local/lib/python3.11/shutil.py", line 761, in rmtree
    os.rmdir(path, dir_fd=dir_fd)
OSError: [Errno 16] Device or resource busy: '/data/source'
During handling of the above exception, another exception occurred:
Traceback (most recent call last):
  File "<frozen runpy>", line 198, in _run_module_as_main
  File "<frozen runpy>", line 88, in _run_code
  File "/app/src/main.py", line 471, in <module>
    asyncio.run(main())
  File "/usr/local/lib/python3.11/asyncio/runners.py", line 190, in run
    return runner.run(main)
           ^^^^^^^^^^^^^^^^
  File "/usr/local/lib/python3.11/asyncio/runners.py", line 118, in run
    return self._loop.run_until_complete(task)
           ^^^^^^^^^^^^^^^^^^^^^^^^^^^^^^^^^^^
  File "/usr/local/lib/python3.11/asyncio/base_events.py", line 654, in run_until_complete
    return future.result()
           ^^^^^^^^^^^^^^^
  File "/app/src/main.py", line 444, in main
    zip_file.rename(zip_file.with_suffix('.zip.error'))
  File "/usr/local/lib/python3.11/pathlib.py", line 1175, in rename
    os.rename(self, target)
PermissionError: [Errno 13] Permission denied: '/data/input/OL4-1.0.0.zip' -> '/data/input/OL4-1.0.0.zip.error'
2026-01-28T13:47:17.843007Z [error    ] processing_failed              [orchestrator] error="[Errno 16] Device or resource busy: '/data/source'"
2026-01-28T13:47:17.844463Z [error    ] processing_error               [orchestrator] error="[Errno 16] Device or resource busy: '/data/source'"
Traceback (most recent call last):
  File "/app/src/main.py", line 438, in main
    result = await organizer.process_zip(str(zip_file))
             ^^^^^^^^^^^^^^^^^^^^^^^^^^^^^^^^^^^^^^^^^^
  File "/app/src/main.py", line 101, in process_zip
    await self._extract_zip(zip_path)
  File "/app/src/main.py", line 259, in _extract_zip
    shutil.rmtree(source_dir)
  File "/usr/local/lib/python3.11/shutil.py", line 763, in rmtree
    onerror(os.rmdir, path, sys.exc_info())
  File "/usr/local/lib/python3.11/shutil.py", line 761, in rmtree
    os.rmdir(path, dir_fd=dir_fd)
OSError: [Errno 16] Device or resource busy: '/data/source'
During handling of the above exception, another exception occurred:
Traceback (most recent call last):
  File "<frozen runpy>", line 198, in _run_module_as_main
  File "<frozen runpy>", line 88, in _run_code
  File "/app/src/main.py", line 471, in <module>
    asyncio.run(main())
  File "/usr/local/lib/python3.11/asyncio/runners.py", line 190, in run
    return runner.run(main)
           ^^^^^^^^^^^^^^^^
  File "/usr/local/lib/python3.11/asyncio/runners.py", line 118, in run
    return self._loop.run_until_complete(task)
           ^^^^^^^^^^^^^^^^^^^^^^^^^^^^^^^^^^^
  File "/usr/local/lib/python3.11/asyncio/base_events.py", line 654, in run_until_complete
    return future.result()
           ^^^^^^^^^^^^^^^
  File "/app/src/main.py", line 444, in main
    zip_file.rename(zip_file.with_suffix('.zip.error'))
  File "/usr/local/lib/python3.11/pathlib.py", line 1175, in rename
    os.rename(self, target)
PermissionError: [Errno 13] Permission denied: '/data/input/OL4-1.0.0.zip' -> '/data/input/OL4-1.0.0.zip.error'
2026-01-28T13:47:31.589276Z [error    ] processing_failed              [orchestrator] error="[Errno 16] Device or resource busy: '/data/source'"
2026-01-28T13:47:31.590454Z [error    ] processing_error               [orchestrator] error="[Errno 16] Device or resource busy: '/data/source'"
Traceback (most recent call last):
  File "/app/src/main.py", line 438, in main
    result = await organizer.process_zip(str(zip_file))
             ^^^^^^^^^^^^^^^^^^^^^^^^^^^^^^^^^^^^^^^^^^
  File "/app/src/main.py", line 101, in process_zip
    await self._extract_zip(zip_path)
  File "/app/src/main.py", line 259, in _extract_zip
    shutil.rmtree(source_dir)
  File "/usr/local/lib/python3.11/shutil.py", line 763, in rmtree
    onerror(os.rmdir, path, sys.exc_info())
  File "/usr/local/lib/python3.11/shutil.py", line 761, in rmtree
    os.rmdir(path, dir_fd=dir_fd)
OSError: [Errno 16] Device or resource busy: '/data/source'
During handling of the above exception, another exception occurred:
Traceback (most recent call last):
  File "<frozen runpy>", line 198, in _run_module_as_main
  File "<frozen runpy>", line 88, in _run_code
  File "/app/src/main.py", line 471, in <module>
    asyncio.run(main())
  File "/usr/local/lib/python3.11/asyncio/runners.py", line 190, in run
    return runner.run(main)
           ^^^^^^^^^^^^^^^^
  File "/usr/local/lib/python3.11/asyncio/runners.py", line 118, in run
    return self._loop.run_until_complete(task)
           ^^^^^^^^^^^^^^^^^^^^^^^^^^^^^^^^^^^
  File "/usr/local/lib/python3.11/asyncio/base_events.py", line 654, in run_until_complete
    return future.result()
           ^^^^^^^^^^^^^^^
  File "/app/src/main.py", line 444, in main
    zip_file.rename(zip_file.with_suffix('.zip.error'))
  File "/usr/local/lib/python3.11/pathlib.py", line 1175, in rename
    os.rename(self, target)
PermissionError: [Errno 13] Permission denied: '/data/input/OL4-1.0.0.zip' -> '/data/input/OL4-1.0.0.zip.error'
